2021-03-17T11:55:16+00:00 CRITICAL syntax error, unexpected 'array' (T_ARRAY), expecting ')' in /Users/vovaruzhak/Local Sites/computerlaptopsalewebsite/app/public/wp-content/themes/computerlaptopwebsite/inc/customizer.php on line 47

2021-03-17T11:55:16+00:00 CRITICAL syntax error, unexpected 'array' (T_ARRAY), expecting ')' in /Users/vovaruzhak/Local Sites/computerlaptopsalewebsite/app/public/wp-content/themes/computerlaptopwebsite/inc/customizer.php on line 47

<<<<<<< HEAD
2021-03-17T13:31:29+00:00 CRITICAL Uncaught Error: Call to undefined function thumbnail() in /Users/vovaruzhak/Local Sites/computerlaptopsalewebsite/app/public/wp-content/themes/computerlaptopwebsite/footer.php:28
Stack trace:
#0 /Users/vovaruzhak/Local Sites/computerlaptopsalewebsite/app/public/wp-includes/template.php(730): require_once()
#1 /Users/vovaruzhak/Local Sites/computerlaptopsalewebsite/app/public/wp-includes/template.php(676): load_template('/Users/vovaruzh...', true, Array)
#2 /Users/vovaruzhak/Local Sites/computerlaptopsalewebsite/app/public/wp-includes/general-template.php(92): locate_template(Array, true, true, Array)
#3 /Users/vovaruzhak/Local Sites/computerlaptopsalewebsite/app/public/wp-content/themes/computerlaptopwebsite/page.php(38): get_footer()
#4 /Users/vovaruzhak/Local Sites/computerlaptopsalewebsite/app/public/wp-includes/template-loader.php(106): include('/Users/vovaruzh...')
#5 /Users/vovaruzhak/Local Sites/computerlaptopsalewebsite/app/public/wp-blog-header.php(19): require_once('/Users/vovaruzh...')
#6 /Users/vo in /Users/vovaruzhak/Local Sites/computerlaptopsalewebsite/app/public/wp-content/themes/computerlaptopwebsite/footer.php on line 28

2021-03-17T13:31:50+00:00 CRITICAL Uncaught Error: Call to undefined function the_thumbnail() in /Users/vovaruzhak/Local Sites/computerlaptopsalewebsite/app/public/wp-content/themes/computerlaptopwebsite/footer.php:28
Stack trace:
#0 /Users/vovaruzhak/Local Sites/computerlaptopsalewebsite/app/public/wp-includes/template.php(730): require_once()
#1 /Users/vovaruzhak/Local Sites/computerlaptopsalewebsite/app/public/wp-includes/template.php(676): load_template('/Users/vovaruzh...', true, Array)
#2 /Users/vovaruzhak/Local Sites/computerlaptopsalewebsite/app/public/wp-includes/general-template.php(92): locate_template(Array, true, true, Array)
#3 /Users/vovaruzhak/Local Sites/computerlaptopsalewebsite/app/public/wp-content/themes/computerlaptopwebsite/page.php(38): get_footer()
#4 /Users/vovaruzhak/Local Sites/computerlaptopsalewebsite/app/public/wp-includes/template-loader.php(106): include('/Users/vovaruzh...')
#5 /Users/vovaruzhak/Local Sites/computerlaptopsalewebsite/app/public/wp-blog-header.php(19): require_once('/Users/vovaruzh...')
#6 /User in /Users/vovaruzhak/Local Sites/computerlaptopsalewebsite/app/public/wp-content/themes/computerlaptopwebsite/footer.php on line 28

2021-03-17T13:32:06+00:00 CRITICAL Uncaught Error: Call to undefined function the_thumbnail() in /Users/vovaruzhak/Local Sites/computerlaptopsalewebsite/app/public/wp-content/themes/computerlaptopwebsite/footer.php:28
Stack trace:
#0 /Users/vovaruzhak/Local Sites/computerlaptopsalewebsite/app/public/wp-includes/template.php(730): require_once()
#1 /Users/vovaruzhak/Local Sites/computerlaptopsalewebsite/app/public/wp-includes/template.php(676): load_template('/Users/vovaruzh...', true, Array)
#2 /Users/vovaruzhak/Local Sites/computerlaptopsalewebsite/app/public/wp-includes/general-template.php(92): locate_template(Array, true, true, Array)
#3 /Users/vovaruzhak/Local Sites/computerlaptopsalewebsite/app/public/wp-content/themes/computerlaptopwebsite/page.php(38): get_footer()
#4 /Users/vovaruzhak/Local Sites/computerlaptopsalewebsite/app/public/wp-includes/template-loader.php(106): include('/Users/vovaruzh...')
#5 /Users/vovaruzhak/Local Sites/computerlaptopsalewebsite/app/public/wp-blog-header.php(19): require_once('/Users/vovaruzh...')
#6 /User in /Users/vovaruzhak/Local Sites/computerlaptopsalewebsite/app/public/wp-content/themes/computerlaptopwebsite/footer.php on line 28

2021-03-17T13:32:11+00:00 CRITICAL Uncaught Error: Call to undefined function the_thumbnail() in /Users/vovaruzhak/Local Sites/computerlaptopsalewebsite/app/public/wp-content/themes/computerlaptopwebsite/footer.php:28
Stack trace:
#0 /Users/vovaruzhak/Local Sites/computerlaptopsalewebsite/app/public/wp-includes/template.php(730): require_once()
#1 /Users/vovaruzhak/Local Sites/computerlaptopsalewebsite/app/public/wp-includes/template.php(676): load_template('/Users/vovaruzh...', true, Array)
#2 /Users/vovaruzhak/Local Sites/computerlaptopsalewebsite/app/public/wp-includes/general-template.php(92): locate_template(Array, true, true, Array)
#3 /Users/vovaruzhak/Local Sites/computerlaptopsalewebsite/app/public/wp-content/themes/computerlaptopwebsite/page.php(38): get_footer()
#4 /Users/vovaruzhak/Local Sites/computerlaptopsalewebsite/app/public/wp-includes/template-loader.php(106): include('/Users/vovaruzh...')
#5 /Users/vovaruzhak/Local Sites/computerlaptopsalewebsite/app/public/wp-blog-header.php(19): require_once('/Users/vovaruzh...')
#6 /User in /Users/vovaruzhak/Local Sites/computerlaptopsalewebsite/app/public/wp-content/themes/computerlaptopwebsite/footer.php on line 28

2021-03-17T13:32:17+00:00 CRITICAL Uncaught Error: Call to undefined function the_thumbnail() in /Users/vovaruzhak/Local Sites/computerlaptopsalewebsite/app/public/wp-content/themes/computerlaptopwebsite/footer.php:28
Stack trace:
#0 /Users/vovaruzhak/Local Sites/computerlaptopsalewebsite/app/public/wp-includes/template.php(730): require_once()
#1 /Users/vovaruzhak/Local Sites/computerlaptopsalewebsite/app/public/wp-includes/template.php(676): load_template('/Users/vovaruzh...', true, Array)
#2 /Users/vovaruzhak/Local Sites/computerlaptopsalewebsite/app/public/wp-includes/general-template.php(92): locate_template(Array, true, true, Array)
#3 /Users/vovaruzhak/Local Sites/computerlaptopsalewebsite/app/public/wp-content/themes/computerlaptopwebsite/page.php(38): get_footer()
#4 /Users/vovaruzhak/Local Sites/computerlaptopsalewebsite/app/public/wp-includes/template-loader.php(106): include('/Users/vovaruzh...')
#5 /Users/vovaruzhak/Local Sites/computerlaptopsalewebsite/app/public/wp-blog-header.php(19): require_once('/Users/vovaruzh...')
#6 /User in /Users/vovaruzhak/Local Sites/computerlaptopsalewebsite/app/public/wp-content/themes/computerlaptopwebsite/footer.php on line 28

2021-03-17T13:32:43+00:00 CRITICAL Uncaught Error: Call to undefined function the_thumbnail() in /Users/vovaruzhak/Local Sites/computerlaptopsalewebsite/app/public/wp-content/themes/computerlaptopwebsite/footer.php:28
Stack trace:
#0 /Users/vovaruzhak/Local Sites/computerlaptopsalewebsite/app/public/wp-includes/template.php(730): require_once()
#1 /Users/vovaruzhak/Local Sites/computerlaptopsalewebsite/app/public/wp-includes/template.php(676): load_template('/Users/vovaruzh...', true, Array)
#2 /Users/vovaruzhak/Local Sites/computerlaptopsalewebsite/app/public/wp-includes/general-template.php(92): locate_template(Array, true, true, Array)
#3 /Users/vovaruzhak/Local Sites/computerlaptopsalewebsite/app/public/wp-content/themes/computerlaptopwebsite/page.php(38): get_footer()
#4 /Users/vovaruzhak/Local Sites/computerlaptopsalewebsite/app/public/wp-includes/template-loader.php(106): include('/Users/vovaruzh...')
#5 /Users/vovaruzhak/Local Sites/computerlaptopsalewebsite/app/public/wp-blog-header.php(19): require_once('/Users/vovaruzh...')
#6 /User in /Users/vovaruzhak/Local Sites/computerlaptopsalewebsite/app/public/wp-content/themes/computerlaptopwebsite/footer.php on line 28

2021-03-17T13:32:54+00:00 CRITICAL Uncaught Error: Call to undefined function the_thumbnail() in /Users/vovaruzhak/Local Sites/computerlaptopsalewebsite/app/public/wp-content/themes/computerlaptopwebsite/footer.php:28
Stack trace:
#0 /Users/vovaruzhak/Local Sites/computerlaptopsalewebsite/app/public/wp-includes/template.php(730): require_once()
#1 /Users/vovaruzhak/Local Sites/computerlaptopsalewebsite/app/public/wp-includes/template.php(676): load_template('/Users/vovaruzh...', true, Array)
#2 /Users/vovaruzhak/Local Sites/computerlaptopsalewebsite/app/public/wp-includes/general-template.php(92): locate_template(Array, true, true, Array)
#3 /Users/vovaruzhak/Local Sites/computerlaptopsalewebsite/app/public/wp-content/themes/computerlaptopwebsite/page.php(38): get_footer()
#4 /Users/vovaruzhak/Local Sites/computerlaptopsalewebsite/app/public/wp-includes/template-loader.php(106): include('/Users/vovaruzh...')
#5 /Users/vovaruzhak/Local Sites/computerlaptopsalewebsite/app/public/wp-blog-header.php(19): require_once('/Users/vovaruzh...')
#6 /User in /Users/vovaruzhak/Local Sites/computerlaptopsalewebsite/app/public/wp-content/themes/computerlaptopwebsite/footer.php on line 28

2021-03-17T13:33:11+00:00 CRITICAL Uncaught Error: Call to undefined function the_thumbnail() in /Users/vovaruzhak/Local Sites/computerlaptopsalewebsite/app/public/wp-content/themes/computerlaptopwebsite/footer.php:28
Stack trace:
#0 /Users/vovaruzhak/Local Sites/computerlaptopsalewebsite/app/public/wp-includes/template.php(730): require_once()
#1 /Users/vovaruzhak/Local Sites/computerlaptopsalewebsite/app/public/wp-includes/template.php(676): load_template('/Users/vovaruzh...', true, Array)
#2 /Users/vovaruzhak/Local Sites/computerlaptopsalewebsite/app/public/wp-includes/general-template.php(92): locate_template(Array, true, true, Array)
#3 /Users/vovaruzhak/Local Sites/computerlaptopsalewebsite/app/public/wp-content/themes/computerlaptopwebsite/page.php(38): get_footer()
#4 /Users/vovaruzhak/Local Sites/computerlaptopsalewebsite/app/public/wp-includes/template-loader.php(106): include('/Users/vovaruzh...')
#5 /Users/vovaruzhak/Local Sites/computerlaptopsalewebsite/app/public/wp-blog-header.php(19): require_once('/Users/vovaruzh...')
#6 /User in /Users/vovaruzhak/Local Sites/computerlaptopsalewebsite/app/public/wp-content/themes/computerlaptopwebsite/footer.php on line 28

2021-03-17T13:33:46+00:00 CRITICAL Uncaught Error: Call to undefined function the_thumbnail() in /Users/vovaruzhak/Local Sites/computerlaptopsalewebsite/app/public/wp-content/themes/computerlaptopwebsite/footer.php:29
Stack trace:
#0 /Users/vovaruzhak/Local Sites/computerlaptopsalewebsite/app/public/wp-includes/template.php(730): require_once()
#1 /Users/vovaruzhak/Local Sites/computerlaptopsalewebsite/app/public/wp-includes/template.php(676): load_template('/Users/vovaruzh...', true, Array)
#2 /Users/vovaruzhak/Local Sites/computerlaptopsalewebsite/app/public/wp-includes/general-template.php(92): locate_template(Array, true, true, Array)
#3 /Users/vovaruzhak/Local Sites/computerlaptopsalewebsite/app/public/wp-content/themes/computerlaptopwebsite/page.php(38): get_footer()
#4 /Users/vovaruzhak/Local Sites/computerlaptopsalewebsite/app/public/wp-includes/template-loader.php(106): include('/Users/vovaruzh...')
#5 /Users/vovaruzhak/Local Sites/computerlaptopsalewebsite/app/public/wp-blog-header.php(19): require_once('/Users/vovaruzh...')
#6 /User in /Users/vovaruzhak/Local Sites/computerlaptopsalewebsite/app/public/wp-content/themes/computerlaptopwebsite/footer.php on line 29

2021-03-17T13:33:47+00:00 CRITICAL Uncaught Error: Call to undefined function the_thumbnail() in /Users/vovaruzhak/Local Sites/computerlaptopsalewebsite/app/public/wp-content/themes/computerlaptopwebsite/footer.php:29
Stack trace:
#0 /Users/vovaruzhak/Local Sites/computerlaptopsalewebsite/app/public/wp-includes/template.php(730): require_once()
#1 /Users/vovaruzhak/Local Sites/computerlaptopsalewebsite/app/public/wp-includes/template.php(676): load_template('/Users/vovaruzh...', true, Array)
#2 /Users/vovaruzhak/Local Sites/computerlaptopsalewebsite/app/public/wp-includes/general-template.php(92): locate_template(Array, true, true, Array)
#3 /Users/vovaruzhak/Local Sites/computerlaptopsalewebsite/app/public/wp-content/themes/computerlaptopwebsite/404.php(60): get_footer()
#4 /Users/vovaruzhak/Local Sites/computerlaptopsalewebsite/app/public/wp-includes/template-loader.php(106): include('/Users/vovaruzh...')
#5 /Users/vovaruzhak/Local Sites/computerlaptopsalewebsite/app/public/wp-blog-header.php(19): require_once('/Users/vovaruzh...')
#6 /Users in /Users/vovaruzhak/Local Sites/computerlaptopsalewebsite/app/public/wp-content/themes/computerlaptopwebsite/footer.php on line 29

2021-03-17T13:33:58+00:00 CRITICAL Uncaught Error: Call to undefined function the_thumbnail() in /Users/vovaruzhak/Local Sites/computerlaptopsalewebsite/app/public/wp-content/themes/computerlaptopwebsite/footer.php:28
Stack trace:
#0 /Users/vovaruzhak/Local Sites/computerlaptopsalewebsite/app/public/wp-includes/template.php(730): require_once()
#1 /Users/vovaruzhak/Local Sites/computerlaptopsalewebsite/app/public/wp-includes/template.php(676): load_template('/Users/vovaruzh...', true, Array)
#2 /Users/vovaruzhak/Local Sites/computerlaptopsalewebsite/app/public/wp-includes/general-template.php(92): locate_template(Array, true, true, Array)
#3 /Users/vovaruzhak/Local Sites/computerlaptopsalewebsite/app/public/wp-content/themes/computerlaptopwebsite/page.php(38): get_footer()
#4 /Users/vovaruzhak/Local Sites/computerlaptopsalewebsite/app/public/wp-includes/template-loader.php(106): include('/Users/vovaruzh...')
#5 /Users/vovaruzhak/Local Sites/computerlaptopsalewebsite/app/public/wp-blog-header.php(19): require_once('/Users/vovaruzh...')
#6 /User in /Users/vovaruzhak/Local Sites/computerlaptopsalewebsite/app/public/wp-content/themes/computerlaptopwebsite/footer.php on line 28

2021-03-17T13:34:07+00:00 CRITICAL Uncaught Error: Call to undefined function thumbnail() in /Users/vovaruzhak/Local Sites/computerlaptopsalewebsite/app/public/wp-content/themes/computerlaptopwebsite/footer.php:28
Stack trace:
#0 /Users/vovaruzhak/Local Sites/computerlaptopsalewebsite/app/public/wp-includes/template.php(730): require_once()
#1 /Users/vovaruzhak/Local Sites/computerlaptopsalewebsite/app/public/wp-includes/template.php(676): load_template('/Users/vovaruzh...', true, Array)
#2 /Users/vovaruzhak/Local Sites/computerlaptopsalewebsite/app/public/wp-includes/general-template.php(92): locate_template(Array, true, true, Array)
#3 /Users/vovaruzhak/Local Sites/computerlaptopsalewebsite/app/public/wp-content/themes/computerlaptopwebsite/page.php(38): get_footer()
#4 /Users/vovaruzhak/Local Sites/computerlaptopsalewebsite/app/public/wp-includes/template-loader.php(106): include('/Users/vovaruzh...')
#5 /Users/vovaruzhak/Local Sites/computerlaptopsalewebsite/app/public/wp-blog-header.php(19): require_once('/Users/vovaruzh...')
#6 /Users/vo in /Users/vovaruzhak/Local Sites/computerlaptopsalewebsite/app/public/wp-content/themes/computerlaptopwebsite/footer.php on line 28

2021-03-17T13:34:16+00:00 CRITICAL Uncaught Error: Call to undefined function thumbnail() in /Users/vovaruzhak/Local Sites/computerlaptopsalewebsite/app/public/wp-content/themes/computerlaptopwebsite/footer.php:28
Stack trace:
#0 /Users/vovaruzhak/Local Sites/computerlaptopsalewebsite/app/public/wp-includes/template.php(730): require_once()
#1 /Users/vovaruzhak/Local Sites/computerlaptopsalewebsite/app/public/wp-includes/template.php(676): load_template('/Users/vovaruzh...', true, Array)
#2 /Users/vovaruzhak/Local Sites/computerlaptopsalewebsite/app/public/wp-includes/general-template.php(92): locate_template(Array, true, true, Array)
#3 /Users/vovaruzhak/Local Sites/computerlaptopsalewebsite/app/public/wp-content/themes/computerlaptopwebsite/page.php(38): get_footer()
#4 /Users/vovaruzhak/Local Sites/computerlaptopsalewebsite/app/public/wp-includes/template-loader.php(106): include('/Users/vovaruzh...')
#5 /Users/vovaruzhak/Local Sites/computerlaptopsalewebsite/app/public/wp-blog-header.php(19): require_once('/Users/vovaruzh...')
#6 /Users/vo in /Users/vovaruzhak/Local Sites/computerlaptopsalewebsite/app/public/wp-content/themes/computerlaptopwebsite/footer.php on line 28

2021-03-17T13:39:09+00:00 CRITICAL Uncaught Error: Call to undefined function the_thumbnail() in /Users/vovaruzhak/Local Sites/computerlaptopsalewebsite/app/public/wp-content/themes/computerlaptopwebsite/footer.php:28
Stack trace:
#0 /Users/vovaruzhak/Local Sites/computerlaptopsalewebsite/app/public/wp-includes/template.php(730): require_once()
#1 /Users/vovaruzhak/Local Sites/computerlaptopsalewebsite/app/public/wp-includes/template.php(676): load_template('/Users/vovaruzh...', true, Array)
#2 /Users/vovaruzhak/Local Sites/computerlaptopsalewebsite/app/public/wp-includes/general-template.php(92): locate_template(Array, true, true, Array)
#3 /Users/vovaruzhak/Local Sites/computerlaptopsalewebsite/app/public/wp-content/themes/computerlaptopwebsite/page.php(38): get_footer()
#4 /Users/vovaruzhak/Local Sites/computerlaptopsalewebsite/app/public/wp-includes/template-loader.php(106): include('/Users/vovaruzh...')
#5 /Users/vovaruzhak/Local Sites/computerlaptopsalewebsite/app/public/wp-blog-header.php(19): require_once('/Users/vovaruzh...')
#6 /User in /Users/vovaruzhak/Local Sites/computerlaptopsalewebsite/app/public/wp-content/themes/computerlaptopwebsite/footer.php on line 28

2021-03-17T13:42:46+00:00 CRITICAL Uncaught Error: Call to undefined function the_post_filter_items_list() in /Users/vovaruzhak/Local Sites/computerlaptopsalewebsite/app/public/wp-content/themes/computerlaptopwebsite/footer.php:31
Stack trace:
#0 /Users/vovaruzhak/Local Sites/computerlaptopsalewebsite/app/public/wp-includes/template.php(730): require_once()
#1 /Users/vovaruzhak/Local Sites/computerlaptopsalewebsite/app/public/wp-includes/template.php(676): load_template('/Users/vovaruzh...', true, Array)
#2 /Users/vovaruzhak/Local Sites/computerlaptopsalewebsite/app/public/wp-includes/general-template.php(92): locate_template(Array, true, true, Array)
#3 /Users/vovaruzhak/Local Sites/computerlaptopsalewebsite/app/public/wp-content/themes/computerlaptopwebsite/page.php(38): get_footer()
#4 /Users/vovaruzhak/Local Sites/computerlaptopsalewebsite/app/public/wp-includes/template-loader.php(106): include('/Users/vovaruzh...')
#5 /Users/vovaruzhak/Local Sites/computerlaptopsalewebsite/app/public/wp-blog-header.php(19): require_once('/Users/vovaruzh. in /Users/vovaruzhak/Local Sites/computerlaptopsalewebsite/app/public/wp-content/themes/computerlaptopwebsite/footer.php on line 31

2021-03-17T13:42:57+00:00 CRITICAL Uncaught Error: Call to undefined function the_post_link() in /Users/vovaruzhak/Local Sites/computerlaptopsalewebsite/app/public/wp-content/themes/computerlaptopwebsite/footer.php:31
Stack trace:
#0 /Users/vovaruzhak/Local Sites/computerlaptopsalewebsite/app/public/wp-includes/template.php(730): require_once()
#1 /Users/vovaruzhak/Local Sites/computerlaptopsalewebsite/app/public/wp-includes/template.php(676): load_template('/Users/vovaruzh...', true, Array)
#2 /Users/vovaruzhak/Local Sites/computerlaptopsalewebsite/app/public/wp-includes/general-template.php(92): locate_template(Array, true, true, Array)
#3 /Users/vovaruzhak/Local Sites/computerlaptopsalewebsite/app/public/wp-content/themes/computerlaptopwebsite/page.php(38): get_footer()
#4 /Users/vovaruzhak/Local Sites/computerlaptopsalewebsite/app/public/wp-includes/template-loader.php(106): include('/Users/vovaruzh...')
#5 /Users/vovaruzhak/Local Sites/computerlaptopsalewebsite/app/public/wp-blog-header.php(19): require_once('/Users/vovaruzh...')
#6 /User in /Users/vovaruzhak/Local Sites/computerlaptopsalewebsite/app/public/wp-content/themes/computerlaptopwebsite/footer.php on line 31

2021-03-17T13:44:36+00:00 CRITICAL Uncaught Error: Function name must be a string in /Users/vovaruzhak/Local Sites/computerlaptopsalewebsite/app/public/wp-content/themes/computerlaptopwebsite/footer.php:31
Stack trace:
#0 /Users/vovaruzhak/Local Sites/computerlaptopsalewebsite/app/public/wp-includes/template.php(730): require_once()
#1 /Users/vovaruzhak/Local Sites/computerlaptopsalewebsite/app/public/wp-includes/template.php(676): load_template('/Users/vovaruzh...', true, Array)
#2 /Users/vovaruzhak/Local Sites/computerlaptopsalewebsite/app/public/wp-includes/general-template.php(92): locate_template(Array, true, true, Array)
#3 /Users/vovaruzhak/Local Sites/computerlaptopsalewebsite/app/public/wp-content/themes/computerlaptopwebsite/page.php(38): get_footer()
#4 /Users/vovaruzhak/Local Sites/computerlaptopsalewebsite/app/public/wp-includes/template-loader.php(106): include('/Users/vovaruzh...')
#5 /Users/vovaruzhak/Local Sites/computerlaptopsalewebsite/app/public/wp-blog-header.php(19): require_once('/Users/vovaruzh...')
#6 /Users/vovaruzhak in /Users/vovaruzhak/Local Sites/computerlaptopsalewebsite/app/public/wp-content/themes/computerlaptopwebsite/footer.php on line 31

=======
>>>>>>> main
2021-03-17T15:51:24+00:00 CRITICAL syntax error, unexpected end of file, expecting elseif (T_ELSEIF) or else (T_ELSE) or endif (T_ENDIF) in /Users/vovaruzhak/Local Sites/computerlaptopsalewebsite/app/public/wp-content/themes/computerlaptopwebsite/archive.php on line 56

