2021-03-02T17:49:21+00:00 CRITICAL Uncaught Error: Call to undefined method WP_Customize_Manager::add_sectoion() in /Users/vovaruzhak/Local Sites/computerlaptopsalewebsite/app/public/wp-content/themes/computerlaptopwebsite/inc/customizer.php:41
Stack trace:
#0 /Users/vovaruzhak/Local Sites/computerlaptopsalewebsite/app/public/wp-includes/class-wp-hook.php(287): computerlaptopwebsite_customize_register(Object(WP_Customize_Manager))
#1 /Users/vovaruzhak/Local Sites/computerlaptopsalewebsite/app/public/wp-includes/class-wp-hook.php(311): WP_Hook->apply_filters(NULL, Array)
#2 /Users/vovaruzhak/Local Sites/computerlaptopsalewebsite/app/public/wp-includes/plugin.php(484): WP_Hook->do_action(Array)
#3 /Users/vovaruzhak/Local Sites/computerlaptopsalewebsite/app/public/wp-includes/class-wp-customize-manager.php(933): do_action('customize_regis...', Object(WP_Customize_Manager))
#4 /Users/vovaruzhak/Local Sites/computerlaptopsalewebsite/app/public/wp-includes/class-wp-hook.php(287): WP_Customize_Manager->wp_loaded('')
#5 /Users/vovaruzhak/Local Sites/c in /Users/vovaruzhak/Local Sites/computerlaptopsalewebsite/app/public/wp-content/themes/computerlaptopwebsite/inc/customizer.php on line 41

2021-03-02T17:51:25+00:00 CRITICAL Uncaught Error: Call to undefined method WP_Customize_Manager::add_sectoion() in /Users/vovaruzhak/Local Sites/computerlaptopsalewebsite/app/public/wp-content/themes/computerlaptopwebsite/inc/customizer.php:41
Stack trace:
#0 /Users/vovaruzhak/Local Sites/computerlaptopsalewebsite/app/public/wp-includes/class-wp-hook.php(287): computerlaptopwebsite_customize_register(Object(WP_Customize_Manager))
#1 /Users/vovaruzhak/Local Sites/computerlaptopsalewebsite/app/public/wp-includes/class-wp-hook.php(311): WP_Hook->apply_filters(NULL, Array)
#2 /Users/vovaruzhak/Local Sites/computerlaptopsalewebsite/app/public/wp-includes/plugin.php(484): WP_Hook->do_action(Array)
#3 /Users/vovaruzhak/Local Sites/computerlaptopsalewebsite/app/public/wp-includes/class-wp-customize-manager.php(933): do_action('customize_regis...', Object(WP_Customize_Manager))
#4 /Users/vovaruzhak/Local Sites/computerlaptopsalewebsite/app/public/wp-includes/class-wp-hook.php(287): WP_Customize_Manager->wp_loaded('')
#5 /Users/vovaruzhak/Local Sites/c in /Users/vovaruzhak/Local Sites/computerlaptopsalewebsite/app/public/wp-content/themes/computerlaptopwebsite/inc/customizer.php on line 41

2021-03-02T17:52:30+00:00 CRITICAL Uncaught Error: Call to undefined method WP_Customize_Manager::add_sectoion() in /Users/vovaruzhak/Local Sites/computerlaptopsalewebsite/app/public/wp-content/themes/computerlaptopwebsite/inc/customizer.php:41
Stack trace:
#0 /Users/vovaruzhak/Local Sites/computerlaptopsalewebsite/app/public/wp-includes/class-wp-hook.php(287): computerlaptopwebsite_customize_register(Object(WP_Customize_Manager))
#1 /Users/vovaruzhak/Local Sites/computerlaptopsalewebsite/app/public/wp-includes/class-wp-hook.php(311): WP_Hook->apply_filters(NULL, Array)
#2 /Users/vovaruzhak/Local Sites/computerlaptopsalewebsite/app/public/wp-includes/plugin.php(484): WP_Hook->do_action(Array)
#3 /Users/vovaruzhak/Local Sites/computerlaptopsalewebsite/app/public/wp-includes/class-wp-customize-manager.php(933): do_action('customize_regis...', Object(WP_Customize_Manager))
#4 /Users/vovaruzhak/Local Sites/computerlaptopsalewebsite/app/public/wp-includes/class-wp-hook.php(287): WP_Customize_Manager->wp_loaded('')
#5 /Users/vovaruzhak/Local Sites/c in /Users/vovaruzhak/Local Sites/computerlaptopsalewebsite/app/public/wp-content/themes/computerlaptopwebsite/inc/customizer.php on line 41

2021-03-02T17:52:36+00:00 CRITICAL Uncaught Error: Call to undefined method WP_Customize_Manager::add_sectoion() in /Users/vovaruzhak/Local Sites/computerlaptopsalewebsite/app/public/wp-content/themes/computerlaptopwebsite/inc/customizer.php:41
Stack trace:
#0 /Users/vovaruzhak/Local Sites/computerlaptopsalewebsite/app/public/wp-includes/class-wp-hook.php(287): computerlaptopwebsite_customize_register(Object(WP_Customize_Manager))
#1 /Users/vovaruzhak/Local Sites/computerlaptopsalewebsite/app/public/wp-includes/class-wp-hook.php(311): WP_Hook->apply_filters(NULL, Array)
#2 /Users/vovaruzhak/Local Sites/computerlaptopsalewebsite/app/public/wp-includes/plugin.php(484): WP_Hook->do_action(Array)
#3 /Users/vovaruzhak/Local Sites/computerlaptopsalewebsite/app/public/wp-includes/class-wp-customize-manager.php(933): do_action('customize_regis...', Object(WP_Customize_Manager))
#4 /Users/vovaruzhak/Local Sites/computerlaptopsalewebsite/app/public/wp-includes/class-wp-hook.php(287): WP_Customize_Manager->wp_loaded('')
#5 /Users/vovaruzhak/Local Sites/c in /Users/vovaruzhak/Local Sites/computerlaptopsalewebsite/app/public/wp-content/themes/computerlaptopwebsite/inc/customizer.php on line 41

