2021-03-26T11:23:23+00:00 CRITICAL Uncaught Error: Call to undefined function imgthe_post_thumbnail() in /Users/vovaruzhak/Local Sites/computerlaptopsalewebsite/app/public/wp-content/themes/computerlaptopwebsite/footer.php:34
Stack trace:
#0 /Users/vovaruzhak/Local Sites/computerlaptopsalewebsite/app/public/wp-includes/template.php(730): require_once()
#1 /Users/vovaruzhak/Local Sites/computerlaptopsalewebsite/app/public/wp-includes/template.php(676): load_template('/Users/vovaruzh...', true, Array)
#2 /Users/vovaruzhak/Local Sites/computerlaptopsalewebsite/app/public/wp-includes/general-template.php(92): locate_template(Array, true, true, Array)
#3 /Users/vovaruzhak/Local Sites/computerlaptopsalewebsite/app/public/wp-content/themes/computerlaptopwebsite/page.php(38): get_footer()
#4 /Users/vovaruzhak/Local Sites/computerlaptopsalewebsite/app/public/wp-includes/template-loader.php(106): include('/Users/vovaruzh...')
#5 /Users/vovaruzhak/Local Sites/computerlaptopsalewebsite/app/public/wp-blog-header.php(19): require_once('/Users/vovaruzh...')
 in /Users/vovaruzhak/Local Sites/computerlaptopsalewebsite/app/public/wp-content/themes/computerlaptopwebsite/footer.php on line 34

2021-03-26T11:23:23+00:00 CRITICAL Uncaught Error: Call to undefined function imgthe_post_thumbnail() in /Users/vovaruzhak/Local Sites/computerlaptopsalewebsite/app/public/wp-content/themes/computerlaptopwebsite/footer.php:34
Stack trace:
#0 /Users/vovaruzhak/Local Sites/computerlaptopsalewebsite/app/public/wp-includes/template.php(730): require_once()
#1 /Users/vovaruzhak/Local Sites/computerlaptopsalewebsite/app/public/wp-includes/template.php(676): load_template('/Users/vovaruzh...', true, Array)
#2 /Users/vovaruzhak/Local Sites/computerlaptopsalewebsite/app/public/wp-includes/general-template.php(92): locate_template(Array, true, true, Array)
#3 /Users/vovaruzhak/Local Sites/computerlaptopsalewebsite/app/public/wp-content/themes/computerlaptopwebsite/404.php(60): get_footer()
#4 /Users/vovaruzhak/Local Sites/computerlaptopsalewebsite/app/public/wp-includes/template-loader.php(106): include('/Users/vovaruzh...')
#5 /Users/vovaruzhak/Local Sites/computerlaptopsalewebsite/app/public/wp-blog-header.php(19): require_once('/Users/vovaruzh...')
# in /Users/vovaruzhak/Local Sites/computerlaptopsalewebsite/app/public/wp-content/themes/computerlaptopwebsite/footer.php on line 34

2021-03-26T11:23:24+00:00 CRITICAL Uncaught Error: Call to undefined function imgthe_post_thumbnail() in /Users/vovaruzhak/Local Sites/computerlaptopsalewebsite/app/public/wp-content/themes/computerlaptopwebsite/footer.php:34
Stack trace:
#0 /Users/vovaruzhak/Local Sites/computerlaptopsalewebsite/app/public/wp-includes/template.php(730): require_once()
#1 /Users/vovaruzhak/Local Sites/computerlaptopsalewebsite/app/public/wp-includes/template.php(676): load_template('/Users/vovaruzh...', true, Array)
#2 /Users/vovaruzhak/Local Sites/computerlaptopsalewebsite/app/public/wp-includes/general-template.php(92): locate_template(Array, true, true, Array)
#3 /Users/vovaruzhak/Local Sites/computerlaptopsalewebsite/app/public/wp-content/themes/computerlaptopwebsite/single.php(40): get_footer()
#4 /Users/vovaruzhak/Local Sites/computerlaptopsalewebsite/app/public/wp-includes/template-loader.php(106): include('/Users/vovaruzh...')
#5 /Users/vovaruzhak/Local Sites/computerlaptopsalewebsite/app/public/wp-blog-header.php(19): require_once('/Users/vovaruzh...' in /Users/vovaruzhak/Local Sites/computerlaptopsalewebsite/app/public/wp-content/themes/computerlaptopwebsite/footer.php on line 34

2021-03-26T11:23:25+00:00 CRITICAL Uncaught Error: Call to undefined function imgthe_post_thumbnail() in /Users/vovaruzhak/Local Sites/computerlaptopsalewebsite/app/public/wp-content/themes/computerlaptopwebsite/footer.php:34
Stack trace:
#0 /Users/vovaruzhak/Local Sites/computerlaptopsalewebsite/app/public/wp-includes/template.php(730): require_once()
#1 /Users/vovaruzhak/Local Sites/computerlaptopsalewebsite/app/public/wp-includes/template.php(676): load_template('/Users/vovaruzh...', true, Array)
#2 /Users/vovaruzhak/Local Sites/computerlaptopsalewebsite/app/public/wp-includes/general-template.php(92): locate_template(Array, true, true, Array)
#3 /Users/vovaruzhak/Local Sites/computerlaptopsalewebsite/app/public/wp-content/themes/computerlaptopwebsite/404.php(60): get_footer()
#4 /Users/vovaruzhak/Local Sites/computerlaptopsalewebsite/app/public/wp-includes/template-loader.php(106): include('/Users/vovaruzh...')
#5 /Users/vovaruzhak/Local Sites/computerlaptopsalewebsite/app/public/wp-blog-header.php(19): require_once('/Users/vovaruzh...')
# in /Users/vovaruzhak/Local Sites/computerlaptopsalewebsite/app/public/wp-content/themes/computerlaptopwebsite/footer.php on line 34

2021-03-26T11:23:29+00:00 CRITICAL Uncaught Error: Call to undefined function imgthe_post_thumbnail() in /Users/vovaruzhak/Local Sites/computerlaptopsalewebsite/app/public/wp-content/themes/computerlaptopwebsite/footer.php:34
Stack trace:
#0 /Users/vovaruzhak/Local Sites/computerlaptopsalewebsite/app/public/wp-includes/template.php(730): require_once()
#1 /Users/vovaruzhak/Local Sites/computerlaptopsalewebsite/app/public/wp-includes/template.php(676): load_template('/Users/vovaruzh...', true, Array)
#2 /Users/vovaruzhak/Local Sites/computerlaptopsalewebsite/app/public/wp-includes/general-template.php(92): locate_template(Array, true, true, Array)
#3 /Users/vovaruzhak/Local Sites/computerlaptopsalewebsite/app/public/wp-content/themes/computerlaptopwebsite/single.php(40): get_footer()
#4 /Users/vovaruzhak/Local Sites/computerlaptopsalewebsite/app/public/wp-includes/template-loader.php(106): include('/Users/vovaruzh...')
#5 /Users/vovaruzhak/Local Sites/computerlaptopsalewebsite/app/public/wp-blog-header.php(19): require_once('/Users/vovaruzh...' in /Users/vovaruzhak/Local Sites/computerlaptopsalewebsite/app/public/wp-content/themes/computerlaptopwebsite/footer.php on line 34

2021-03-26T11:23:29+00:00 CRITICAL Uncaught Error: Call to undefined function imgthe_post_thumbnail() in /Users/vovaruzhak/Local Sites/computerlaptopsalewebsite/app/public/wp-content/themes/computerlaptopwebsite/footer.php:34
Stack trace:
#0 /Users/vovaruzhak/Local Sites/computerlaptopsalewebsite/app/public/wp-includes/template.php(730): require_once()
#1 /Users/vovaruzhak/Local Sites/computerlaptopsalewebsite/app/public/wp-includes/template.php(676): load_template('/Users/vovaruzh...', true, Array)
#2 /Users/vovaruzhak/Local Sites/computerlaptopsalewebsite/app/public/wp-includes/general-template.php(92): locate_template(Array, true, true, Array)
#3 /Users/vovaruzhak/Local Sites/computerlaptopsalewebsite/app/public/wp-content/themes/computerlaptopwebsite/404.php(60): get_footer()
#4 /Users/vovaruzhak/Local Sites/computerlaptopsalewebsite/app/public/wp-includes/template-loader.php(106): include('/Users/vovaruzh...')
#5 /Users/vovaruzhak/Local Sites/computerlaptopsalewebsite/app/public/wp-blog-header.php(19): require_once('/Users/vovaruzh...')
# in /Users/vovaruzhak/Local Sites/computerlaptopsalewebsite/app/public/wp-content/themes/computerlaptopwebsite/footer.php on line 34

2021-03-26T11:23:53+00:00 CRITICAL Uncaught Error: Call to undefined function imgthe_post_thumbnail() in /Users/vovaruzhak/Local Sites/computerlaptopsalewebsite/app/public/wp-content/themes/computerlaptopwebsite/footer.php:34
Stack trace:
#0 /Users/vovaruzhak/Local Sites/computerlaptopsalewebsite/app/public/wp-includes/template.php(730): require_once()
#1 /Users/vovaruzhak/Local Sites/computerlaptopsalewebsite/app/public/wp-includes/template.php(676): load_template('/Users/vovaruzh...', true, Array)
#2 /Users/vovaruzhak/Local Sites/computerlaptopsalewebsite/app/public/wp-includes/general-template.php(92): locate_template(Array, true, true, Array)
#3 /Users/vovaruzhak/Local Sites/computerlaptopsalewebsite/app/public/wp-content/themes/computerlaptopwebsite/single.php(40): get_footer()
#4 /Users/vovaruzhak/Local Sites/computerlaptopsalewebsite/app/public/wp-includes/template-loader.php(106): include('/Users/vovaruzh...')
#5 /Users/vovaruzhak/Local Sites/computerlaptopsalewebsite/app/public/wp-blog-header.php(19): require_once('/Users/vovaruzh...' in /Users/vovaruzhak/Local Sites/computerlaptopsalewebsite/app/public/wp-content/themes/computerlaptopwebsite/footer.php on line 34

2021-03-26T11:23:54+00:00 CRITICAL Uncaught Error: Call to undefined function imgthe_post_thumbnail() in /Users/vovaruzhak/Local Sites/computerlaptopsalewebsite/app/public/wp-content/themes/computerlaptopwebsite/footer.php:34
Stack trace:
#0 /Users/vovaruzhak/Local Sites/computerlaptopsalewebsite/app/public/wp-includes/template.php(730): require_once()
#1 /Users/vovaruzhak/Local Sites/computerlaptopsalewebsite/app/public/wp-includes/template.php(676): load_template('/Users/vovaruzh...', true, Array)
#2 /Users/vovaruzhak/Local Sites/computerlaptopsalewebsite/app/public/wp-includes/general-template.php(92): locate_template(Array, true, true, Array)
#3 /Users/vovaruzhak/Local Sites/computerlaptopsalewebsite/app/public/wp-content/themes/computerlaptopwebsite/404.php(60): get_footer()
#4 /Users/vovaruzhak/Local Sites/computerlaptopsalewebsite/app/public/wp-includes/template-loader.php(106): include('/Users/vovaruzh...')
#5 /Users/vovaruzhak/Local Sites/computerlaptopsalewebsite/app/public/wp-blog-header.php(19): require_once('/Users/vovaruzh...')
# in /Users/vovaruzhak/Local Sites/computerlaptopsalewebsite/app/public/wp-content/themes/computerlaptopwebsite/footer.php on line 34

2021-03-26T11:24:05+00:00 CRITICAL Uncaught Error: Call to undefined function imgthe_post_thumbnail() in /Users/vovaruzhak/Local Sites/computerlaptopsalewebsite/app/public/wp-content/themes/computerlaptopwebsite/footer.php:34
Stack trace:
#0 /Users/vovaruzhak/Local Sites/computerlaptopsalewebsite/app/public/wp-includes/template.php(730): require_once()
#1 /Users/vovaruzhak/Local Sites/computerlaptopsalewebsite/app/public/wp-includes/template.php(676): load_template('/Users/vovaruzh...', true, Array)
#2 /Users/vovaruzhak/Local Sites/computerlaptopsalewebsite/app/public/wp-includes/general-template.php(92): locate_template(Array, true, true, Array)
#3 /Users/vovaruzhak/Local Sites/computerlaptopsalewebsite/app/public/wp-content/themes/computerlaptopwebsite/single.php(40): get_footer()
#4 /Users/vovaruzhak/Local Sites/computerlaptopsalewebsite/app/public/wp-includes/template-loader.php(106): include('/Users/vovaruzh...')
#5 /Users/vovaruzhak/Local Sites/computerlaptopsalewebsite/app/public/wp-blog-header.php(19): require_once('/Users/vovaruzh...' in /Users/vovaruzhak/Local Sites/computerlaptopsalewebsite/app/public/wp-content/themes/computerlaptopwebsite/footer.php on line 34

2021-03-26T11:24:06+00:00 CRITICAL Uncaught Error: Call to undefined function imgthe_post_thumbnail() in /Users/vovaruzhak/Local Sites/computerlaptopsalewebsite/app/public/wp-content/themes/computerlaptopwebsite/footer.php:34
Stack trace:
#0 /Users/vovaruzhak/Local Sites/computerlaptopsalewebsite/app/public/wp-includes/template.php(730): require_once()
#1 /Users/vovaruzhak/Local Sites/computerlaptopsalewebsite/app/public/wp-includes/template.php(676): load_template('/Users/vovaruzh...', true, Array)
#2 /Users/vovaruzhak/Local Sites/computerlaptopsalewebsite/app/public/wp-includes/general-template.php(92): locate_template(Array, true, true, Array)
#3 /Users/vovaruzhak/Local Sites/computerlaptopsalewebsite/app/public/wp-content/themes/computerlaptopwebsite/404.php(60): get_footer()
#4 /Users/vovaruzhak/Local Sites/computerlaptopsalewebsite/app/public/wp-includes/template-loader.php(106): include('/Users/vovaruzh...')
#5 /Users/vovaruzhak/Local Sites/computerlaptopsalewebsite/app/public/wp-blog-header.php(19): require_once('/Users/vovaruzh...')
# in /Users/vovaruzhak/Local Sites/computerlaptopsalewebsite/app/public/wp-content/themes/computerlaptopwebsite/footer.php on line 34

